2025-11-10	12:04:08	e50f8e1b-9da4-443e-9ccd-63188e2ef5dd	GET	/tarefas	sem origem
2025-11-10	14:43:33	723ef56b-17ab-477e-8ca6-7923be266dec	GET	/tarefas	sem origem
2025-11-10	14:44:02	d8b48b1e-82f4-4c6e-9247-9e9db2891703	GET	/tarefas/2	sem origem
2025-11-10	14:44:09	879470e1-1ae9-4662-8bc2-f974f498dacc	GET	/tarefas/4	sem origem
2025-11-10	15:32:59	1fa4bc8b-585b-4205-a606-1ccdcb44240b	GET	/tarefas/4	sem origem
2025-11-10	15:34:21	51d0989e-7dfc-4ff4-937f-55eebee91174	GET	/tarefas	sem origem
2025-11-10	15:36:35	50906f28-a15d-4674-9ec0-35372ac55c0a	POST	/tarefas	sem origem
2025-11-10	15:36:56	65c1774a-4bac-444c-bb86-b27a31104ba0	GET	/tarefas	sem origem
2025-11-10	15:37:16	8bb959a9-0055-4393-a2cd-4b112b5ff16a	PUT	/tarefas/2	sem origem
2025-11-10	15:37:31	ec529cc8-9b18-4d44-8896-7ad842611f44	PUT	/tarefas	sem origem
2025-11-10	15:40:04	180e480c-b816-4e87-b200-da8770e34ea4	PUT	/tarefas	sem origem
2025-11-10	15:41:05	a95d1686-673a-4305-a564-586e4497df54	PUT	/tarefas/2	sem origem
2025-11-10	15:41:07	2e6c988f-f81d-415f-ab04-cee3225686d0	PUT	/tarefas/2	sem origem
2025-11-10	15:41:50	3e266f7e-9077-4bb1-a192-2b75a531abed	GET	/tarefas/2	sem origem
2025-11-10	15:42:24	06187e42-3bbc-41be-bc76-52b84e3470cc	PUT	/tarefas/2	sem origem
2025-11-10	15:42:39	730d49ef-362c-4d6f-9ee8-4e30600b490c	GET	/tarefas	sem origem
2025-11-10	15:43:04	072f8509-5047-4a4e-9f87-1333a08f83dc	GET	/tarefas/2	sem origem
2025-11-10	15:43:48	2efb26c7-eaea-4f04-9d32-46a2d8ef252a	PUT	/tarefas/2	sem origem
2025-11-10	15:44:02	763efe0d-9509-4b98-81fc-4a7b9804f80b	PUT	/tarefas/2	sem origem
2025-11-10	21:25:31	bda08a0d-a599-4f41-a171-0c89b1483be8	GET	/tarefas	sem origem
2025-11-10	21:27:43	013989ea-1cd1-47a7-9a08-04b4056dd66f	GET	/tarefas/3	sem origem
2025-11-10	21:31:07	6c7cb20b-f995-490e-b127-1f21349067f7	PUT	/tarefas/3	sem origem
2025-11-10	21:31:31	785a8e60-fe12-4a2d-8650-16ac5c0e2999	PUT	/tarefas/3	sem origem
2025-11-10	21:32:19	f2ada755-7c92-4905-9a47-6518a78f69a5	GET	/tarefas/3	sem origem
2025-11-10	21:33:43	3f3a5a02-8d71-42d0-8b35-2d99dbc3372e	GET	/tarefas/3	sem origem
2025-11-10	21:34:04	66636799-03a4-4fa7-9012-357a6522d7fa	PUT	/tarefas/3	sem origem
2025-11-10	21:34:17	a21d7bc4-3b71-49a6-9930-a14ace39cdf3	PUT	/tarefas/3	sem origem
2025-11-10	21:37:37	fa7cf97c-9b12-4ff0-b8fb-72f9a43f1b77	PUT	/tarefas	sem origem
2025-11-10	21:38:25	a90cbcb1-a82a-4972-84c9-968fc202f89c	PUT	/tarefas	sem origem
2025-11-10	21:38:27	4293f831-cce4-433d-b35a-8bc183065218	PUT	/tarefas	sem origem
2025-11-10	21:38:31	1077ec8f-2cfa-47ae-a56b-3481cedf011d	PUT	/tarefas	sem origem
2025-11-10	21:47:21	9d2932e6-1072-4660-a1fc-b5b918422fa9	PUT	/tarefas	sem origem
2025-11-10	21:47:22	a68e4316-f12f-4789-bd70-adbf616b9548	PUT	/tarefas	sem origem
2025-11-10	21:48:06	e3aae9aa-5c7e-426b-a5f3-03390501ce9c	PUT	/tarefas/3	sem origem
2025-11-10	22:21:33	776ef0e9-009c-45ce-a220-4482768d58aa	GET	/tarefas	sem origem
2025-11-10	22:22:20	dcbe0eaf-d46b-4120-9a64-1acf8997ade4	PUT	/tarefas/7	sem origem
2025-11-10	22:22:25	34501f14-c6f8-4e21-9fd9-4bd3810fae2d	PUT	/tarefas/7	sem origem
2025-11-10	22:23:12	991bdaa2-2e99-459d-a52c-efee8f9d8151	PUT	/tarefas/7	sem origem
2025-11-10	22:23:54	b78fecc2-e1c9-4596-88f5-9e68a7382b5d	PUT	/tarefas/7	sem origem
2025-11-10	22:24:08	52ebd1dd-3096-4ec0-a69c-443a91e75efb	PUT	/tarefas/7	sem origem
2025-11-10	22:27:52	41642085-0fee-48eb-b5e0-893a2a4ef186	PUT	/tarefas/7	sem origem
2025-11-10	22:28:03	549d4440-32fe-4f11-8046-7b30607cbc9c	PUT	/tarefas/7	sem origem
2025-11-10	22:28:12	0c52fa9d-f01b-4a25-b07b-a14cd4290007	PUT	/tarefas/7	sem origem
2025-11-10	22:28:29	25643ef8-7fb1-41bf-ace0-5a03c054c258	PUT	/tarefas/7	sem origem
2025-11-10	22:28:31	d59822aa-c0d6-40d4-b024-6705dd842fdc	PUT	/tarefas/7	sem origem
2025-11-10	22:28:40	7199e0eb-ec88-47f6-8c57-3573d8d44e1c	PUT	/tarefas/7	sem origem
2025-11-10	22:28:41	00be5cc3-fb5e-4e3c-ba73-8b5c434154e4	PUT	/tarefas/7	sem origem
2025-11-10	22:28:47	b62d37f8-02c8-4ce4-8232-4fd040ea3c78	PUT	/tarefas/7	sem origem
2025-11-10	22:28:48	15bd8486-5ea2-446b-9ff4-52d47111d374	PUT	/tarefas/7	sem origem
2025-11-10	22:29:03	8a821723-119a-4959-9868-bb7f6ff1ade5	PUT	/tarefas/7	sem origem
2025-11-10	22:29:37	d59239dc-56b2-4b11-95e1-71dd5bc1697a	GET	/tarefas/7	sem origem
2025-11-10	22:30:49	2296b96e-2e68-4b87-87c2-047a8cff8c9e	GET	/tarefas/7	sem origem
2025-11-10	22:31:10	2e466f2b-1ae5-4d16-b86b-bb30c837e159	GET	/tarefas/7	sem origem
2025-11-10	22:31:16	49444155-c29c-4d9e-91d8-83f068685125	GET	/tarefas/7	sem origem
2025-11-10	22:31:24	480fa2bf-6c2e-48d9-9730-456b5de46d4f	GET	/tarefas/7	sem origem
2025-11-10	22:31:35	d512ce97-d483-449b-b2ea-e7cd28011bca	PUT	/tarefas/7	sem origem
2025-11-10	22:31:53	6e2b5fea-f284-4977-997c-c8f6feec40fe	PUT	/tarefas/7	sem origem
2025-11-10	22:31:54	b1e51bea-1aa7-47a1-8991-f48cb07bb619	PUT	/tarefas/7	sem origem
2025-11-10	22:32:33	195188fc-a910-4321-8e98-f987afa8b997	PUT	/tarefas/7	sem origem
2025-11-11	14:10:58	babc8032-49fb-428a-83a2-12c4cde65775	GET	/tarefas	sem origem
2025-11-11	14:11:23	ce489d2a-d7bc-458f-bdd5-c61d2fa4da94	GET	/tarefas	sem origem
2025-11-11	14:14:18	1042a9e0-4ae1-4c37-ae18-01e8e177deb5	POST	/tarefas	sem origem
2025-11-11	14:17:12	71cb4667-182e-438c-ac8b-608f2a506fb5	POST	/tarefas	sem origem
2025-11-11	14:17:27	e5914685-776a-4033-be2f-e0c691302c39	GET	/tarefas	sem origem
2025-11-11	14:17:30	4e6f8de7-5066-42a9-9abb-f0e2c8021bfe	GET	/tarefas	sem origem
2025-11-11	14:18:10	1819b769-8fb9-4fb8-bec9-1e2a4fe19307	GET	/tarefas	sem origem
2025-11-11	14:18:29	3d6d97e7-e7f1-4923-8bb4-d93144d548b3	GET	/tarefas	sem origem
2025-11-11	14:18:53	37b0a989-3fe5-4d18-a443-d6284b8e3278	GET	/tarefas	sem origem
2025-11-11	14:19:44	b249b7a0-8bf4-44eb-9b3e-dbd13c5847b4	POST	/tarefas	sem origem
2025-11-11	14:21:24	fef3dff9-82e0-48ee-af93-160f2c2ad493	POST	/tarefas	sem origem
2025-11-11	14:21:37	fc4b3d6e-5036-4518-8980-569ee8454963	GET	/tarefas/8a3a2e7a-3ae0-41a2-8e40-cdc34eb1386f	sem origem
2025-11-11	14:21:53	61be0fd5-5999-40e2-b288-4d57152206b4	GET	/tarefas	sem origem
2025-11-11	14:23:01	ccabe41e-b4fd-4219-af6c-23546cab0217	POST	/tarefas	sem origem
2025-11-11	14:23:10	fea5960e-31ff-4097-84eb-fd538bf0c951	POST	/tarefas	sem origem
2025-11-11	14:23:32	6fd04fdc-c4bf-4830-827d-095012aa0100	POST	/tarefas	sem origem
2025-11-11	14:24:19	69d39683-a310-4ee8-a006-4890c9897e08	DELETE	/tarefas/744a1488-e80c-47e9-ab72-c95649376d92	sem origem
2025-11-11	14:24:29	5aac7789-bdc9-45eb-abb1-3514df0034cf	DELETE	/tarefas/744a1488-e80c-47e9-ab72-c95649376d92	sem origem
2025-11-11	14:39:11	54b12761-2170-45c3-808e-b6d9a41186df	DELETE	/tarefas	sem origem
2025-11-11	14:39:19	75584980-d3a9-460f-bca7-7d0c6bc14ab4	GET	/tarefas	sem origem
2025-11-11	14:39:55	dc9f9edf-59f4-4465-82b3-0bc6b2ebfb8b	PUT	/tarefas/%7B%22id%22:%22ee154acc-7306-4a73-8746-cb066db6a366%22,%22titulo%22:%22Lavar%20o%20carro%22,%22descricao%22:%22o%20carro%20est%C3%A1%20muito%20sujo%22,%22status%22:%22pendente%22%7D	sem origem
2025-11-11	14:40:19	c2d8dbb2-a500-4751-8cd5-39d466d4b8cb	PUT	/tarefas/%7B%22id%22:%22ee154acc-7306-4a73-8746-cb066db6a366%22,%22titulo%22:%22Lavar%20o%20carro%22,%22descricao%22:%22o%20carro%20est%C3%A1%20muito%20sujo%22,%22status%22:%22pendente%22%7D	sem origem
2025-11-11	14:40:34	fe79dc9e-920f-45c7-8ada-e733369b52db	PUT	/tarefas/%7B%22id%22:%22ee154acc-7306-4a73-8746-cb066db6a366%22,%22titulo%22:%22Lavar%20o%20carro%22,%22descricao%22:%22o%20carro%20est%C3%A1%20muito%20sujo%22,%22status%22:%22pendente%22%7D	sem origem
2025-11-11	14:41:16	3c7efbae-e037-4974-85e0-13a8dd7d97c6	PUT	/tarefas/ee154acc-7306-4a73-8746-cb066db6a366	sem origem
2025-11-11	14:46:18	855d9fcc-7107-4986-8289-eb5641ba0b15	PUT	/tarefas/ee154acc-7306-4a73-8746-cb066db6a366	sem origem
2025-11-11	14:46:56	7391cc17-ca84-42a1-a821-15091b41aa2b	GET	/tarefas	sem origem
2025-11-11	14:47:31	90897071-e560-4009-90e4-beba953ace05	PUT	/tarefas/ee154acc-7306-4a73-8746-cb066db6a366	sem origem
2025-11-11	14:49:33	6ec2579f-469b-4938-84e3-2a9176c0bd8d	POST	/tarefas	sem origem
2025-11-11	14:50:39	e51f0e16-0d85-4ddf-86ca-d87de40da3f0	POST	/tarefas	sem origem
2025-11-11	14:51:01	69c751ef-1f95-4e65-b8de-4821a7a1017b	POST	/tarefas	sem origem
2025-11-11	14:53:29	3eeb8411-89ed-4eff-9474-294a5f3c2f43	POST	/tarefas	sem origem
2025-11-11	15:01:08	45e527c4-bb18-41dc-87b8-45a1bb64a48b	POST	/tarefas	sem origem
2025-11-11	15:02:46	3099b50f-e2cd-4bd5-9ba9-d65ed1386be3	POST	/tarefas	sem origem
2025-11-11	15:02:57	035c4119-5b20-4e8b-8de2-189deecd4c82	POST	/tarefas	sem origem
2025-11-11	15:25:34	0454705c-8322-47dd-9e02-8ee5a950b184	POST	/tarefas	sem origem
2025-11-11	15:26:12	77e28eef-a292-4b6f-9e39-20123e57a1b6	POST	/tarefas	sem origem
2025-11-11	15:26:29	c0436b4e-8c06-4c5e-8ec0-42d84e40e888	POST	/tarefas	sem origem
2025-11-11	15:27:05	5f83b125-8dbe-45e8-aea5-464424faf36d	GET	/tarefas	sem origem
2025-11-11	15:28:28	3333df83-d1c3-47a4-809b-ba370645d935	PUT	/tarefas/6454de4f-5c1d-4692-8de6-5c7830a7b911	sem origem
2025-11-11	15:28:48	8bf64f4d-8369-449a-b4e6-eba239781af0	PUT	/tarefas/6454de4f-5c1d-4692-8de6-5c7830a7b911	sem origem
2025-11-11	15:29:54	b5ef0575-cf7d-4ffa-a88a-9f3f4e624d41	PATCH	/tarefas/6454de4f-5c1d-4692-8de6-5c7830a7b911/status	sem origem
2025-11-11	15:30:57	7a1030d3-a332-4d6a-b2ae-6658ad4d3ba4	PATCH	/tarefas/6454de4f-5c1d-4692-8de6-5c7830a7b911/status	sem origem
2025-11-11	15:31:23	1bb2e9e5-4266-4000-893b-24e1d83de359	DELETE	/tarefas/6454de4f-5c1d-4692-8de6-5c7830a7b911	sem origem
2025-11-11	15:31:36	ec05b0ad-ff63-4879-9004-b936c05c4d0f	DELETE	/tarefas/6454de4f-5c1d-4692-8de6-5c7830a7b91	sem origem
2025-11-11	15:31:50	f6ada213-7fbb-4473-8361-c6d1b7519668	DELETE	/tarefas/6454de4f-5c1d-4692-8de6-5c7830a7b911	sem origem
2025-11-11	15:32:03	35b1d109-c1ba-4adb-8a62-e4bfc74883c0	GET	/tarefas/6454de4f-5c1d-4692-8de6-5c7830a7b911	sem origem
2025-11-11	15:32:15	e224176a-410a-4480-97b7-014fcfca967d	GET	/tarefas/	sem origem
2025-11-11	15:33:31	01e27691-be3b-41bc-93b1-dfce514a2248	POST	/tarefas/	sem origem
2025-11-11	15:34:14	eb82c1e9-39a8-4286-9a38-b44a3537f023	PUT	/tarefas/82e9ffc0-4794-42bd-b6b5-ee56569207f2	sem origem
2025-11-11	15:34:35	dda95cd9-bef8-4b72-af31-973361661724	PUT	/tarefas/82e9ffc0-4794-42bd-b6b5-ee56569207f2	sem origem
2025-11-11	15:34:53	82fb1461-42cf-47eb-adc6-ecc6ba37e8ea	GET	/tarefas/82e9ffc0-4794-42bd-b6b5-ee56569207f2	sem origem
2025-11-11	15:34:59	8b1d75d3-d2b7-4c68-ac7e-46225ba0145b	GET	/tarefas/82e9ffc0-4794-42bd-b6b5-ee56569207f	sem origem
2025-11-11	15:35:12	9e61dcbd-08db-41fb-af5e-73d1ea78b89d	GET	/tarefas/82e9ffc0-4794-42bd-b6b5-ee56569207f2	sem origem
2025-11-11	17:39:20	901f1051-77f7-46a5-9674-167b2026b73d	GET	/tarefas	sem origem
2025-11-11	17:41:11	c3f12f48-0f9b-4871-af0c-239d5cf5bcf1	POST	/tarefas	sem origem
2025-11-11	17:41:47	c4fd8b66-53ee-4455-9807-6e768455b97a	POST	/tarefas	sem origem
2025-11-11	17:41:56	cde89f49-3b5f-4f56-9ab4-fb7bd4f5699d	POST	/tarefas	sem origem
2025-11-11	17:42:36	273c9037-e4a4-466c-b874-fc880e818c89	PUT	/tarefas/e7eea6b2-e1cb-4b6f-a66d-2d46945cf3b4	sem origem
2025-11-11	17:43:02	79415556-e6e5-46be-b893-019ff3df3db8	PUT	/tarefas/e7eea6b2-e1cb-4b6f-a66d-2d46945cf3b4/status	sem origem
2025-11-11	17:44:05	068880a0-639f-434a-8408-3990cb5d80e9	PUT	/tarefas/e7eea6b2-e1cb-4b6f-a66d-2d46945cf3b4	sem origem
2025-11-11	17:44:22	37c53ec2-75c8-4941-ad37-399205640c4e	PUT	/tarefas/e7eea6b2-e1cb-4b6f-a66d-2d46945cf3b4	sem origem
2025-11-11	17:44:31	3a671d80-b5ba-4149-a078-5117f3002c81	PUT	/tarefas/e7eea6b2-e1cb-4b6f-a66d-2d46945cf3b4	sem origem
2025-11-11	17:44:41	d9798c03-dfee-46a5-aaae-b7864e87616c	PUT	/tarefas/e7eea6b2-e1cb-4b6f-a66d-2d46945cf3b4	sem origem
2025-11-11	17:45:00	ee021a1c-5f3a-4775-8866-6ec2f14ebb1e	PATCH	/tarefas/e7eea6b2-e1cb-4b6f-a66d-2d46945cf3b4/status	sem origem
2025-11-11	17:45:17	77234048-b788-4c69-8921-cdebdbf246b1	PATCH	/tarefas/e7eea6b2-e1cb-4b6f-a66d-2d46945cf3b4/status	sem origem
2025-11-11	17:45:33	b79490c9-c7bb-4ab3-9b80-2aa4f682799c	DELETE	/tarefas/e7eea6b2-e1cb-4b6f-a66d-2d46945cf3b	sem origem
2025-11-11	17:45:39	62afcc10-42b7-4852-aabc-968a7d46e4c3	DELETE	/tarefas/e7eea6b2-e1cb-4b6f-a66d-2d46945cf3b4	sem origem
2025-11-11	17:46:25	a7f17604-e68e-48ce-bdf6-46c40b484872	GET	/tarefas	sem origem
